1491474526404	geckodriver	INFO	Listening on 127.0.0.1:50147
1491474526928	mozprofile::profile	INFO	Using profile path C:\Users\Lalala\AppData\Local\Temp\rust_mozprofile.8A0cgM5v3y6U
1491474526932	geckodriver::marionette	INFO	Starting browser C:\Program Files (x86)\Mozilla Firefox\firefox.exe with args []
1491474526936	geckodriver::marionette	INFO	Connecting to Marionette on localhost:50152
1491474527075	addons.manager	DEBUG	Application has been upgraded
1491474527201	addons.manager	DEBUG	Loaded provider scope for resource://gre/modules/addons/XPIProvider.jsm: ["XPIProvider"]
1491474527202	addons.manager	DEBUG	Loaded provider scope for resource://gre/modules/LightweightThemeManager.jsm: ["LightweightThemeManager"]
1491474527205	addons.manager	DEBUG	Loaded provider scope for resource://gre/modules/addons/GMPProvider.jsm
1491474527207	addons.manager	DEBUG	Loaded provider scope for resource://gre/modules/addons/PluginProvider.jsm
1491474527207	addons.manager	DEBUG	Starting provider: XPIProvider
1491474527207	addons.xpi	DEBUG	startup
1491474527208	addons.xpi	INFO	SystemAddonInstallLocation directory is missing
1491474527208	addons.xpi	INFO	Mapping aushelper@mozilla.org to C:\Program Files (x86)\Mozilla Firefox\browser\features\aushelper@mozilla.org.xpi
1491474527208	addons.xpi	INFO	Mapping deployment-checker@mozilla.org to C:\Program Files (x86)\Mozilla Firefox\browser\features\deployment-checker@mozilla.org.xpi
1491474527209	addons.xpi	INFO	Mapping e10srollout@mozilla.org to C:\Program Files (x86)\Mozilla Firefox\browser\features\e10srollout@mozilla.org.xpi
1491474527209	addons.xpi	INFO	Mapping firefox@getpocket.com to C:\Program Files (x86)\Mozilla Firefox\browser\features\firefox@getpocket.com.xpi
1491474527209	addons.xpi	INFO	Mapping webcompat@mozilla.org to C:\Program Files (x86)\Mozilla Firefox\browser\features\webcompat@mozilla.org.xpi
1491474527209	addons.xpi	INFO	Mapping {972ce4c6-7e08-4474-a285-3208198ce6fd} to C:\Program Files (x86)\Mozilla Firefox\browser\extensions\{972ce4c6-7e08-4474-a285-3208198ce6fd}.xpi
1491474527210	addons.xpi	DEBUG	checkForChanges
1491474527210	addons.xpi	INFO	SystemAddonInstallLocation directory is missing
1491474527210	addons.xpi	DEBUG	Loaded add-on state from prefs: {}
1491474527211	addons.xpi	DEBUG	New add-on aushelper@mozilla.org in app-system-defaults
1491474527211	addons.xpi	DEBUG	getModTime: Recursive scan of aushelper@mozilla.org
1491474527211	addons.xpi	DEBUG	New add-on deployment-checker@mozilla.org in app-system-defaults
1491474527212	addons.xpi	DEBUG	getModTime: Recursive scan of deployment-checker@mozilla.org
1491474527212	addons.xpi	DEBUG	New add-on e10srollout@mozilla.org in app-system-defaults
1491474527212	addons.xpi	DEBUG	getModTime: Recursive scan of e10srollout@mozilla.org
1491474527212	addons.xpi	DEBUG	New add-on firefox@getpocket.com in app-system-defaults
1491474527212	addons.xpi	DEBUG	getModTime: Recursive scan of firefox@getpocket.com
1491474527213	addons.xpi	DEBUG	New add-on webcompat@mozilla.org in app-system-defaults
1491474527213	addons.xpi	DEBUG	getModTime: Recursive scan of webcompat@mozilla.org
1491474527213	addons.xpi	DEBUG	New add-on {972ce4c6-7e08-4474-a285-3208198ce6fd} in app-global
1491474527213	addons.xpi	DEBUG	getModTime: Recursive scan of {972ce4c6-7e08-4474-a285-3208198ce6fd}
1491474527214	addons.xpi	DEBUG	getInstallState changed: true, state: {"app-system-defaults":{"aushelper@mozilla.org":{"d":"C:\\Program Files (x86)\\Mozilla Firefox\\browser\\features\\aushelper@mozilla.org.xpi","st":1490783135375},"deployment-checker@mozilla.org":{"d":"C:\\Program Files (x86)\\Mozilla Firefox\\browser\\features\\deployment-checker@mozilla.org.xpi","st":1490783135381},"e10srollout@mozilla.org":{"d":"C:\\Program Files (x86)\\Mozilla Firefox\\browser\\features\\e10srollout@mozilla.org.xpi","st":1490783135374},"firefox@getpocket.com":{"d":"C:\\Program Files (x86)\\Mozilla Firefox\\browser\\features\\firefox@getpocket.com.xpi","st":1490783135373},"webcompat@mozilla.org":{"d":"C:\\Program Files (x86)\\Mozilla Firefox\\browser\\features\\webcompat@mozilla.org.xpi","st":1490783135370}},"app-global":{"{972ce4c6-7e08-4474-a285-3208198ce6fd}":{"d":"C:\\Program Files (x86)\\Mozilla Firefox\\browser\\extensions\\{972ce4c6-7e08-4474-a285-3208198ce6fd}.xpi","st":1490783135375}}}
1491474527219	addons.xpi-utils	DEBUG	Opening XPI database C:\Users\Lalala\AppData\Local\Temp\rust_mozprofile.8A0cgM5v3y6U\extensions.json
1491474527220	addons.xpi-utils	DEBUG	New add-on aushelper@mozilla.org installed in app-system-defaults
*** Blocklist::_loadBlocklistFromFile: blocklist is disabled
1491474527226	DeferredSave.extensions.json	DEBUG	Save changes
1491474527227	addons.xpi-utils	DEBUG	New add-on deployment-checker@mozilla.org installed in app-system-defaults
1491474527229	DeferredSave.extensions.json	DEBUG	Starting timer
1491474527230	DeferredSave.extensions.json	DEBUG	Save changes
1491474527230	addons.xpi-utils	DEBUG	New add-on e10srollout@mozilla.org installed in app-system-defaults
1491474527233	DeferredSave.extensions.json	DEBUG	Save changes
1491474527233	addons.xpi-utils	DEBUG	New add-on firefox@getpocket.com installed in app-system-defaults
1491474527239	DeferredSave.extensions.json	DEBUG	Save changes
1491474527240	addons.xpi-utils	DEBUG	New add-on webcompat@mozilla.org installed in app-system-defaults
1491474527243	DeferredSave.extensions.json	DEBUG	Save changes
1491474527243	addons.xpi-utils	DEBUG	New add-on {972ce4c6-7e08-4474-a285-3208198ce6fd} installed in app-global
1491474527246	DeferredSave.extensions.json	DEBUG	Save changes
1491474527247	addons.manager	DEBUG	Registering startup change 'installed' for aushelper@mozilla.org
1491474527252	addons.xpi	DEBUG	Loading bootstrap scope from C:\Program Files (x86)\Mozilla Firefox\browser\features\aushelper@mozilla.org.xpi
1491474527256	addons.xpi	DEBUG	Calling bootstrap method install on aushelper@mozilla.org version 2.0
1491474527256	addons.xpi-utils	DEBUG	Make addon app-system-defaults:aushelper@mozilla.org visible
1491474527256	DeferredSave.extensions.json	DEBUG	Save changes
1491474527256	addons.manager	DEBUG	Registering startup change 'installed' for deployment-checker@mozilla.org
1491474527257	addons.xpi	DEBUG	Loading bootstrap scope from C:\Program Files (x86)\Mozilla Firefox\browser\features\deployment-checker@mozilla.org.xpi
1491474527260	addons.xpi	DEBUG	Calling bootstrap method install on deployment-checker@mozilla.org version 1.0
1491474527667	addons.xpi-utils	DEBUG	Make addon app-system-defaults:deployment-checker@mozilla.org visible
1491474527668	DeferredSave.extensions.json	DEBUG	Save changes
1491474527669	addons.manager	DEBUG	Registering startup change 'installed' for e10srollout@mozilla.org
1491474527671	addons.xpi	DEBUG	Loading bootstrap scope from C:\Program Files (x86)\Mozilla Firefox\browser\features\e10srollout@mozilla.org.xpi
1491474527674	addons.xpi	DEBUG	Calling bootstrap method install on e10srollout@mozilla.org version 1.9
1491474527675	addons.xpi-utils	DEBUG	Make addon app-system-defaults:e10srollout@mozilla.org visible
1491474527675	DeferredSave.extensions.json	DEBUG	Save changes
1491474527676	addons.manager	DEBUG	Registering startup change 'installed' for firefox@getpocket.com
1491474527676	addons.xpi	DEBUG	Loading bootstrap scope from C:\Program Files (x86)\Mozilla Firefox\browser\features\firefox@getpocket.com.xpi
1491474527679	addons.xpi	DEBUG	Calling bootstrap method install on firefox@getpocket.com version 1.0.5
1491474527679	addons.xpi-utils	DEBUG	Make addon app-system-defaults:firefox@getpocket.com visible
1491474527679	DeferredSave.extensions.json	DEBUG	Save changes
1491474527680	addons.manager	DEBUG	Registering startup change 'installed' for webcompat@mozilla.org
1491474527680	addons.xpi	DEBUG	Loading bootstrap scope from C:\Program Files (x86)\Mozilla Firefox\browser\features\webcompat@mozilla.org.xpi
1491474527681	addons.xpi	DEBUG	Calling bootstrap method install on webcompat@mozilla.org version 1.0
1491474527681	addons.xpi-utils	DEBUG	Make addon app-system-defaults:webcompat@mozilla.org visible
1491474527681	DeferredSave.extensions.json	DEBUG	Save changes
1491474527682	addons.xpi-utils	DEBUG	Make addon app-global:{972ce4c6-7e08-4474-a285-3208198ce6fd} visible
1491474527682	DeferredSave.extensions.json	DEBUG	Save changes
1491474527682	addons.xpi	DEBUG	Updating XPIState for {"id":"aushelper@mozilla.org","syncGUID":"{c790db69-4234-4137-8a31-d93164d4e59a}","location":"app-system-defaults","version":"2.0","type":"extension","internalName":null,"updateURL":null,"updateKey":null,"optionsURL":null,"optionsType":null,"aboutURL":null,"icons":{},"iconURL":null,"icon64URL":null,"defaultLocale":{"name":"Application Update Service Helper","description":"Sets value(s) in the update url based on custom checks.","creator":null,"homepageURL":null},"visible":true,"active":true,"userDisabled":false,"appDisabled":false,"descriptor":"C:\\Program Files (x86)\\Mozilla Firefox\\browser\\features\\aushelper@mozilla.org.xpi","installDate":1490783135375,"updateDate":1490783135375,"applyBackgroundUpdates":1,"bootstrap":true,"skinnable":false,"size":8488,"sourceURI":null,"releaseNotesURI":null,"softDisabled":false,"foreignInstall":false,"hasBinaryComponents":false,"strictCompatibility":false,"locales":[],"targetApplications":[{"id":"{ec8030f7-c20a-464f-9b0e-13a3a9e97384}","minVersion":"52.0.2","maxVersion":"52.*"}],"targetPlatforms":[],"multiprocessCompatible":true,"seen":true,"dependencies":[],"hasEmbeddedWebExtension":false,"mpcOptedOut":false}
1491474527682	addons.xpi	DEBUG	getModTime: Recursive scan of aushelper@mozilla.org
1491474527682	addons.xpi	DEBUG	Updating XPIState for {"id":"deployment-checker@mozilla.org","syncGUID":"{0daad7e8-6fb2-473e-935a-f0eb29b5ca90}","location":"app-system-defaults","version":"1.0","type":"extension","internalName":null,"updateURL":null,"updateKey":null,"optionsURL":null,"optionsType":null,"aboutURL":null,"icons":{},"iconURL":null,"icon64URL":null,"defaultLocale":{"name":"Site Deployment Checker","description":"Check that Users Encounter Mozilla Sites as Deployed by Mozilla","creator":null,"homepageURL":null},"visible":true,"active":true,"userDisabled":false,"appDisabled":false,"descriptor":"C:\\Program Files (x86)\\Mozilla Firefox\\browser\\features\\deployment-checker@mozilla.org.xpi","installDate":1490783135381,"updateDate":1490783135381,"applyBackgroundUpdates":1,"bootstrap":true,"skinnable":false,"size":11555,"sourceURI":null,"releaseNotesURI":null,"softDisabled":false,"foreignInstall":false,"hasBinaryComponents":false,"strictCompatibility":false,"locales":[],"targetApplications":[{"id":"{ec8030f7-c20a-464f-9b0e-13a3a9e97384}","minVersion":"52.0.2","maxVersion":"52.*"}],"targetPlatforms":[],"multiprocessCompatible":true,"seen":true,"dependencies":[],"hasEmbeddedWebExtension":false,"mpcOptedOut":false}
1491474527682	addons.xpi	DEBUG	getModTime: Recursive scan of deployment-checker@mozilla.org
1491474527683	addons.xpi	DEBUG	Updating XPIState for {"id":"e10srollout@mozilla.org","syncGUID":"{c388a012-a3a6-4c22-a25f-ec3baa3fed8d}","location":"app-system-defaults","version":"1.9","type":"extension","internalName":null,"updateURL":null,"updateKey":null,"optionsURL":null,"optionsType":null,"aboutURL":null,"icons":{},"iconURL":null,"icon64URL":null,"defaultLocale":{"name":"Multi-process staged rollout","description":"Staged rollout of Firefox multi-process feature.","creator":null,"homepageURL":null},"visible":true,"active":true,"userDisabled":false,"appDisabled":false,"descriptor":"C:\\Program Files (x86)\\Mozilla Firefox\\browser\\features\\e10srollout@mozilla.org.xpi","installDate":1490783135374,"updateDate":1490783135374,"applyBackgroundUpdates":1,"bootstrap":true,"skinnable":false,"size":7183,"sourceURI":null,"releaseNotesURI":null,"softDisabled":false,"foreignInstall":false,"hasBinaryComponents":false,"strictCompatibility":false,"locales":[],"targetApplications":[{"id":"{ec8030f7-c20a-464f-9b0e-13a3a9e97384}","minVersion":"52.0.2","maxVersion":"52.*"}],"targetPlatforms":[],"multiprocessCompatible":true,"seen":true,"dependencies":[],"hasEmbeddedWebExtension":false,"mpcOptedOut":false}
1491474527683	addons.xpi	DEBUG	getModTime: Recursive scan of e10srollout@mozilla.org
1491474527683	addons.xpi	DEBUG	Updating XPIState for {"id":"firefox@getpocket.com","syncGUID":"{b717ecb2-f266-4366-8cd4-a96c8015f5ca}","location":"app-system-defaults","version":"1.0.5","type":"extension","internalName":null,"updateURL":null,"updateKey":null,"optionsURL":null,"optionsType":null,"aboutURL":null,"icons":{},"iconURL":null,"icon64URL":null,"defaultLocale":{"name":"Pocket","description":"When you find something you want to view later, put it in Pocket.","creator":null,"homepageURL":null},"visible":true,"active":true,"userDisabled":false,"appDisabled":false,"descriptor":"C:\\Program Files (x86)\\Mozilla Firefox\\browser\\features\\firefox@getpocket.com.xpi","installDate":1490783135373,"updateDate":1490783135373,"applyBackgroundUpdates":1,"bootstrap":true,"skinnable":false,"size":920281,"sourceURI":null,"releaseNotesURI":null,"softDisabled":false,"foreignInstall":false,"hasBinaryComponents":false,"strictCompatibility":false,"locales":[],"targetApplications":[{"id":"{ec8030f7-c20a-464f-9b0e-13a3a9e97384}","minVersion":"52.0.2","maxVersion":"52.*"}],"targetPlatforms":[],"multiprocessCompatible":true,"seen":true,"dependencies":[],"hasEmbeddedWebExtension":false,"mpcOptedOut":false}
1491474527683	addons.xpi	DEBUG	getModTime: Recursive scan of firefox@getpocket.com
1491474527683	addons.xpi	DEBUG	Updating XPIState for {"id":"webcompat@mozilla.org","syncGUID":"{1af03f49-dcae-46a5-8ae2-ba298d60ccfc}","location":"app-system-defaults","version":"1.0","type":"extension","internalName":null,"updateURL":null,"updateKey":null,"optionsURL":null,"optionsType":null,"aboutURL":null,"icons":{},"iconURL":null,"icon64URL":null,"defaultLocale":{"name":"Web Compat","description":"Urgent post-release fixes for web compatibility.","creator":null,"homepageURL":null},"visible":true,"active":true,"userDisabled":false,"appDisabled":false,"descriptor":"C:\\Program Files (x86)\\Mozilla Firefox\\browser\\features\\webcompat@mozilla.org.xpi","installDate":1490783135370,"updateDate":1490783135370,"applyBackgroundUpdates":1,"bootstrap":true,"skinnable":false,"size":1456,"sourceURI":null,"releaseNotesURI":null,"softDisabled":false,"foreignInstall":false,"hasBinaryComponents":false,"strictCompatibility":false,"locales":[],"targetApplications":[{"id":"{ec8030f7-c20a-464f-9b0e-13a3a9e97384}","minVersion":"52.0.2","maxVersion":"52.*"}],"targetPlatforms":[],"multiprocessCompatible":true,"seen":true,"dependencies":[],"hasEmbeddedWebExtension":false,"mpcOptedOut":false}
1491474527684	addons.xpi	DEBUG	getModTime: Recursive scan of webcompat@mozilla.org
1491474527684	addons.xpi	DEBUG	Updating XPIState for {"id":"{972ce4c6-7e08-4474-a285-3208198ce6fd}","syncGUID":"{3b5c5364-c1ca-41bc-9fab-3af167530fd8}","location":"app-global","version":"52.0.2","type":"theme","internalName":"classic/1.0","updateURL":null,"updateKey":null,"optionsURL":null,"optionsType":null,"aboutURL":null,"icons":{"32":"icon.png","48":"icon.png"},"iconURL":null,"icon64URL":null,"defaultLocale":{"name":"Default","description":"The default theme.","creator":"Mozilla","homepageURL":null,"contributors":["Mozilla Contributors"]},"visible":true,"active":true,"userDisabled":false,"appDisabled":false,"descriptor":"C:\\Program Files (x86)\\Mozilla Firefox\\browser\\extensions\\{972ce4c6-7e08-4474-a285-3208198ce6fd}.xpi","installDate":1490783135375,"updateDate":1490783135375,"applyBackgroundUpdates":1,"skinnable":true,"size":19587,"sourceURI":null,"releaseNotesURI":null,"softDisabled":false,"foreignInstall":false,"hasBinaryComponents":false,"strictCompatibility":true,"locales":[],"targetApplications":[{"id":"{ec8030f7-c20a-464f-9b0e-13a3a9e97384}","minVersion":"52.0.2","maxVersion":"52.0.2"}],"targetPlatforms":[],"seen":true,"dependencies":[],"hasEmbeddedWebExtension":false}
1491474527684	addons.xpi	DEBUG	getModTime: Recursive scan of {972ce4c6-7e08-4474-a285-3208198ce6fd}
1491474527685	DeferredSave.extensions.json	DEBUG	Save changes
1491474527685	addons.xpi	DEBUG	Updating database with changes to installed add-ons
1491474527685	addons.xpi-utils	DEBUG	Updating add-on states
1491474527685	addons.xpi-utils	DEBUG	Writing add-ons list
1491474527687	addons.xpi	DEBUG	Registering manifest for C:\Program Files (x86)\Mozilla Firefox\browser\features\aushelper@mozilla.org.xpi
1491474527687	addons.xpi	DEBUG	Calling bootstrap method startup on aushelper@mozilla.org version 2.0
1491474527689	addons.xpi	DEBUG	Registering manifest for C:\Program Files (x86)\Mozilla Firefox\browser\features\deployment-checker@mozilla.org.xpi
1491474527689	addons.xpi	DEBUG	Calling bootstrap method startup on deployment-checker@mozilla.org version 1.0
1491474527690	addons.xpi	DEBUG	Registering manifest for C:\Program Files (x86)\Mozilla Firefox\browser\features\e10srollout@mozilla.org.xpi
1491474527690	addons.xpi	DEBUG	Calling bootstrap method startup on e10srollout@mozilla.org version 1.9
1491474527690	addons.xpi	DEBUG	Registering manifest for C:\Program Files (x86)\Mozilla Firefox\browser\features\firefox@getpocket.com.xpi
1491474527691	addons.xpi	DEBUG	Calling bootstrap method startup on firefox@getpocket.com version 1.0.5
1491474527692	addons.xpi	DEBUG	Registering manifest for C:\Program Files (x86)\Mozilla Firefox\browser\features\webcompat@mozilla.org.xpi
1491474527692	addons.xpi	DEBUG	Calling bootstrap method startup on webcompat@mozilla.org version 1.0
1491474527693	addons.manager	DEBUG	Registering shutdown blocker for XPIProvider
1491474527694	addons.manager	DEBUG	Provider finished startup: XPIProvider
1491474527694	addons.manager	DEBUG	Starting provider: LightweightThemeManager
1491474527694	addons.manager	DEBUG	Registering shutdown blocker for LightweightThemeManager
1491474527695	addons.manager	DEBUG	Provider finished startup: LightweightThemeManager
1491474527695	addons.manager	DEBUG	Starting provider: GMPProvider
1491474527700	addons.manager	DEBUG	Registering shutdown blocker for GMPProvider
1491474527700	addons.manager	DEBUG	Provider finished startup: GMPProvider
1491474527700	addons.manager	DEBUG	Starting provider: PluginProvider
1491474527701	addons.manager	DEBUG	Registering shutdown blocker for PluginProvider
1491474527701	addons.manager	DEBUG	Provider finished startup: PluginProvider
1491474527701	addons.manager	DEBUG	Completed startup sequence
1491474528034	Marionette	INFO	Listening on port 50152
1491474529018	addons.manager	DEBUG	Starting provider: <unnamed-provider>
1491474529018	addons.manager	DEBUG	Registering shutdown blocker for <unnamed-provider>
1491474529019	addons.manager	DEBUG	Provider finished startup: <unnamed-provider>
1491474529044	addons.manager	DEBUG	Starting provider: PreviousExperimentProvider
1491474529044	addons.manager	DEBUG	Registering shutdown blocker for PreviousExperimentProvider
1491474529044	addons.manager	DEBUG	Provider finished startup: PreviousExperimentProvider
1491474529046	DeferredSave.extensions.json	DEBUG	Starting write
1491474529087	Marionette	WARN	TLS certificate errors will be ignored for this session
1491474529268	DeferredSave.extensions.json	DEBUG	Write succeeded
1491474529268	addons.xpi-utils	DEBUG	XPI Database saved, setting schema version preference to 19
1491474552458	addons.xpi	DEBUG	Calling bootstrap method shutdown on webcompat@mozilla.org version 1.0
1491474552459	addons.xpi	DEBUG	Calling bootstrap method shutdown on firefox@getpocket.com version 1.0.5
1491474552459	addons.xpi	DEBUG	Calling bootstrap method shutdown on e10srollout@mozilla.org version 1.9
1491474552460	addons.xpi	DEBUG	Calling bootstrap method shutdown on deployment-checker@mozilla.org version 1.0
1491474552460	addons.xpi	DEBUG	Calling bootstrap method shutdown on aushelper@mozilla.org version 2.0
1491474552583	addons.manager	DEBUG	shutdown
1491474552584	addons.manager	DEBUG	Calling shutdown blocker for XPIProvider
1491474552584	addons.xpi	DEBUG	shutdown
1491474552584	addons.xpi-utils	DEBUG	shutdown
1491474552585	addons.manager	DEBUG	Calling shutdown blocker for LightweightThemeManager
1491474552585	addons.manager	DEBUG	Calling shutdown blocker for GMPProvider
1491474552588	addons.manager	DEBUG	Calling shutdown blocker for PluginProvider
1491474552588	addons.manager	DEBUG	Calling shutdown blocker for <unnamed-provider>
1491474552590	addons.manager	DEBUG	Calling shutdown blocker for PreviousExperimentProvider
1491474552592	addons.xpi	DEBUG	Notifying XPI shutdown observers
1491474552596	addons.manager	DEBUG	Async provider shutdown done
cker for PreviousExperimentProvider
1491474361956	addons.xpi	DEBUG	Notifying XPI shutdown observers
1491474361959	addons.manager	DEBUG	Async provider shutdown done
me=PContent::Msg_AsyncMessage) Channel closing: too late to send/recv, messages will be lost

JavaScript error: chrome://global/content/process-content.js, line 71: NS_ERROR_UNEXPECTED: Component returned failure code: 0x8000ffff (NS_ERROR_UNEXPECTED) [nsIMessageSender.sendAsyncMessage]

###!!! [Child][MessageChannel] Error: (msgtype=0x46010A,name=PContent::Msg_AsyncMessage) Channel closing: too late to send/recv, messages will be lost

JavaScript error: chrome://global/content/process-content.js, line 71: NS_ERROR_UNEXPECTED: Component returned failure code: 0x8000ffff (NS_ERROR_UNEXPECTED) [nsIMessageSender.sendAsyncMessage]

###!!! [Child][MessageChannel] Error: (msgtype=0x46010A,name=PContent::Msg_AsyncMessage) Channel closing: too late to send/recv, messages will be lost

JavaScript error: chrome://global/content/process-content.js, line 71: NS_ERROR_UNEXPECTED: Component returned failure code: 0x8000ffff (NS_ERROR_UNEXPECTED) [nsIMessageSender.sendAsyncMessage]

###!!! [Child][MessageChannel] Error: (msgtype=0x46010A,name=PContent::Msg_AsyncMessage) Channel closing: too late to send/recv, messages will be lost

JavaScript error: chrome://global/content/process-content.js, line 71: NS_ERROR_UNEXPECTED: Component returned failure code: 0x8000ffff (NS_ERROR_UNEXPECTED) [nsIMessageSender.sendAsyncMessage]

###!!! [Child][MessageChannel] Error: (msgtype=0x46010A,name=PContent::Msg_AsyncMessage) Channel closing: too late to send/recv, messages will be lost

JavaScript error: chrome://global/content/process-content.js, line 71: NS_ERROR_UNEXPECTED: Component returned failure code: 0x8000ffff (NS_ERROR_UNEXPECTED) [nsIMessageSender.sendAsyncMessage]

###!!! [Child][MessageChannel] Error: (msgtype=0x46010A,name=PContent::Msg_AsyncMessage) Channel closing: too late to send/recv, messages will be lost

JavaScript error: chrome://global/content/process-content.js, line 71: NS_ERROR_UNEXPECTED: Component returned failure code: 0x8000ffff (NS_ERROR_UNEXPECTED) [nsIMessageSender.sendAsyncMessage]

###!!! [Child][MessageChannel] Error: (msgtype=0x46010A,name=PContent::Msg_AsyncMessage) Channel closing: too late to send/recv, messages will be lost

JavaScript error: chrome://global/content/process-content.js, line 71: NS_ERROR_UNEXPECTED: Component returned failure code: 0x8000ffff (NS_ERROR_UNEXPECTED) [nsIMessageSender.sendAsyncMessage]

###!!! [Child][MessageChannel] Error: (msgtype=0x46010A,name=PContent::Msg_AsyncMessage) Channel closing: too late to send/recv, messages will be lost

JavaScript error: chrome://global/content/process-content.js, line 71: NS_ERROR_UNEXPECTED: Component returned failure code: 0x8000ffff (NS_ERROR_UNEXPECTED) [nsIMessageSender.sendAsyncMessage]

###!!! [Child][MessageChannel] Error: (msgtype=0x2C0048,name=PBrowser::Msg___delete__) Channel closing: too late to send/recv, messages will be lost

1491474243546	addons.manager	DEBUG	shutdown
1491474243546	addons.manager	DEBUG	Calling shutdown blocker for XPIProvider
1491474243546	addons.xpi	DEBUG	shutdown
1491474243547	addons.xpi-utils	DEBUG	shutdown
1491474243547	addons.manager	DEBUG	Calling shutdown blocker for LightweightThemeManager
1491474243547	addons.manager	DEBUG	Calling shutdown blocker for GMPProvider
1491474243550	addons.manager	DEBUG	Calling shutdown blocker for PluginProvider
1491474243550	addons.manager	DEBUG	Calling shutdown blocker for <unnamed-provider>
1491474243552	addons.manager	DEBUG	Calling shutdown blocker for PreviousExperimentProvider
1491474243554	addons.xpi	DEBUG	Notifying XPI shutdown observers
1491474243557	addons.manager	DEBUG	Async provider shutdown done
